time="2019-08-21T14:55:42+08:00" level=info msg="服务端开启..."
time="2019-08-21T14:55:45+08:00" level=info msg="一个新的客户端连接..."
time="2019-08-21T14:55:45+08:00" level=info msg="---玩家id:1请求匹配---"
time="2019-08-21T14:55:45+08:00" level=info msg="---玩家id:1进入战斗房间---"
time="2019-08-21T14:57:21+08:00" level=warning msg="---玩家id:1战斗中断开连接---"
time="2019-08-21T14:57:55+08:00" level=info msg="服务端开启..."
time="2019-08-21T14:57:57+08:00" level=info msg="一个新的客户端连接..."
time="2019-08-21T14:57:57+08:00" level=info msg="---玩家id:1请求匹配---"
time="2019-08-21T14:59:07+08:00" level=info msg="服务端开启..."
time="2019-08-21T14:59:08+08:00" level=info msg="一个新的客户端连接..."
time="2019-08-21T14:59:08+08:00" level=info msg="---玩家id:1请求匹配---"
time="2019-08-21T14:59:14+08:00" level=info msg="一个新的客户端连接..."
time="2019-08-21T14:59:14+08:00" level=info msg="---玩家id:1请求匹配---"
time="2019-08-21T14:59:15+08:00" level=info msg="一个新的客户端连接..."
time="2019-08-21T14:59:15+08:00" level=info msg="---玩家id:1请求匹配---"
time="2019-08-21T14:59:15+08:00" level=info msg="---玩家id:1进入战斗房间---"
time="2019-08-21T14:59:15+08:00" level=info msg="---玩家id:1进入战斗房间---"
time="2019-08-21T14:59:15+08:00" level=info msg="---玩家id:1进入战斗房间---"
time="2019-08-21T14:59:18+08:00" level=info msg="一个新的客户端连接..."
time="2019-08-21T14:59:18+08:00" level=info msg="---玩家id:1请求匹配---"
time="2019-08-21T14:59:19+08:00" level=info msg="一个新的客户端连接..."
time="2019-08-21T14:59:19+08:00" level=info msg="---玩家id:1请求匹配---"
time="2019-08-21T14:59:22+08:00" level=info msg="一个新的客户端连接..."
time="2019-08-21T14:59:22+08:00" level=info msg="---玩家id:1请求匹配---"
time="2019-08-21T14:59:22+08:00" level=info msg="---玩家id:1进入战斗房间---"
time="2019-08-21T14:59:22+08:00" level=info msg="---玩家id:1进入战斗房间---"
time="2019-08-21T14:59:22+08:00" level=info msg="---玩家id:1进入战斗房间---"
time="2019-08-21T14:59:24+08:00" level=info msg="一个新的客户端连接..."
time="2019-08-21T14:59:24+08:00" level=info msg="---玩家id:1请求匹配---"
time="2019-08-21T14:59:25+08:00" level=info msg="一个新的客户端连接..."
time="2019-08-21T14:59:25+08:00" level=info msg="---玩家id:1请求匹配---"
time="2019-08-21T14:59:27+08:00" level=info msg="一个新的客户端连接..."
time="2019-08-21T14:59:27+08:00" level=info msg="---玩家id:1请求匹配---"
time="2019-08-21T14:59:27+08:00" level=info msg="---玩家id:1进入战斗房间---"
time="2019-08-21T14:59:27+08:00" level=info msg="---玩家id:1进入战斗房间---"
time="2019-08-21T14:59:27+08:00" level=info msg="---玩家id:1进入战斗房间---"
time="2019-08-21T14:59:28+08:00" level=info msg="一个新的客户端连接..."
time="2019-08-21T14:59:28+08:00" level=info msg="---玩家id:1请求匹配---"
time="2019-08-21T14:59:29+08:00" level=info msg="一个新的客户端连接..."
time="2019-08-21T14:59:29+08:00" level=info msg="---玩家id:1请求匹配---"
time="2019-08-21T14:59:30+08:00" level=warning msg="---玩家id:1匹配中断开连接---"
time="2019-08-21T14:59:31+08:00" level=warning msg="---玩家id:1匹配中断开连接---"
time="2019-08-21T14:59:33+08:00" level=warning msg="---玩家id:1战斗中断开连接---"
time="2019-08-21T14:59:40+08:00" level=warning msg="---玩家id:1战斗中断开连接---"
time="2019-08-21T14:59:40+08:00" level=warning msg="---玩家id:1战斗中断开连接---"
time="2019-08-21T14:59:47+08:00" level=warning msg="---玩家id:1战斗中断开连接---"
time="2019-08-21T14:59:48+08:00" level=warning msg="---玩家id:1战斗中断开连接---"
time="2019-08-21T14:59:48+08:00" level=warning msg="---玩家id:1战斗中断开连接---"
time="2019-08-21T14:59:49+08:00" level=warning msg="---玩家id:1战斗中断开连接---"
time="2019-08-21T14:59:49+08:00" level=warning msg="---玩家id:1战斗中断开连接---"
time="2019-08-21T14:59:50+08:00" level=warning msg="---玩家id:1战斗中断开连接---"
time="2019-08-21T15:01:10+08:00" level=info msg="一个新的客户端连接..."
time="2019-08-21T15:01:10+08:00" level=info msg="---玩家id:1请求匹配---"
time="2019-08-21T15:01:16+08:00" level=warning msg="---玩家id:1匹配中断开连接---"
